e:\vs\mvgsoft\mvgsoft\x64\release\annwrapper.obj
e:\vs\mvgsoft\mvgsoft\x64\release\bundle.obj
e:\vs\mvgsoft\mvgsoft\x64\release\graclus.obj
e:\vs\mvgsoft\mvgsoft\x64\release\camera.obj
e:\vs\mvgsoft\mvgsoft\x64\release\image.obj
e:\vs\mvgsoft\mvgsoft\x64\release\photo.obj
e:\vs\mvgsoft\mvgsoft\x64\release\photosets.obj
e:\vs\mvgsoft\mvgsoft\x64\release\colorharmonization.obj
e:\vs\mvgsoft\mvgsoft\x64\release\colorharmonizationengineglobal.obj
e:\vs\mvgsoft\mvgsoft\x64\release\computematch.obj
e:\vs\mvgsoft\mvgsoft\x64\release\computematche.obj
e:\vs\mvgsoft\mvgsoft\x64\release\computematchf.obj
e:\vs\mvgsoft\mvgsoft\x64\release\computematchh.obj
e:\vs\mvgsoft\mvgsoft\x64\release\moc_colorharmonization.obj
e:\vs\mvgsoft\mvgsoft\x64\release\moc_computematch.obj
e:\vs\mvgsoft\mvgsoft\x64\release\moc_globalsfm.obj
e:\vs\mvgsoft\mvgsoft\x64\release\moc_incrementalsfm.obj
e:\vs\mvgsoft\mvgsoft\x64\release\moc_libviso.obj
e:\vs\mvgsoft\mvgsoft\x64\release\moc_mvgsoft.obj
e:\vs\mvgsoft\mvgsoft\x64\release\moc_pmvsthread.obj
e:\vs\mvgsoft\mvgsoft\x64\release\moc_texturemesh.obj
e:\vs\mvgsoft\mvgsoft\x64\release\globalsfm.obj
e:\vs\mvgsoft\mvgsoft\x64\release\incrementalsfm.obj
e:\vs\mvgsoft\mvgsoft\x64\release\vfilter.obj
e:\vs\mvgsoft\mvgsoft\x64\release\matcher.obj
e:\vs\mvgsoft\mvgsoft\x64\release\matrix.obj
e:\vs\mvgsoft\mvgsoft\x64\release\reconstruction.obj
e:\vs\mvgsoft\mvgsoft\x64\release\triangle.obj
e:\vs\mvgsoft\mvgsoft\x64\release\viso.obj
e:\vs\mvgsoft\mvgsoft\x64\release\viso_mono.obj
e:\vs\mvgsoft\mvgsoft\x64\release\viso_stereo.obj
e:\vs\mvgsoft\mvgsoft\x64\release\libviso.obj
e:\vs\mvgsoft\mvgsoft\x64\release\main.obj
e:\vs\mvgsoft\mvgsoft\x64\release\pmvsthread.obj
e:\vs\mvgsoft\mvgsoft\x64\release\detectfeatures.obj
e:\vs\mvgsoft\mvgsoft\x64\release\detector.obj
e:\vs\mvgsoft\mvgsoft\x64\release\dog.obj
e:\vs\mvgsoft\mvgsoft\x64\release\expand.obj
e:\vs\mvgsoft\mvgsoft\x64\release\filter.obj
e:\vs\mvgsoft\mvgsoft\x64\release\findmatch.obj
e:\vs\mvgsoft\mvgsoft\x64\release\harris.obj
e:\vs\mvgsoft\mvgsoft\x64\release\optim.obj
e:\vs\mvgsoft\mvgsoft\x64\release\option.obj
e:\vs\mvgsoft\mvgsoft\x64\release\patch.obj
e:\vs\mvgsoft\mvgsoft\x64\release\patchorganizers.obj
e:\vs\mvgsoft\mvgsoft\x64\release\point.obj
e:\vs\mvgsoft\mvgsoft\x64\release\seed.obj
e:\vs\mvgsoft\mvgsoft\x64\release\sfmtoolkits.obj
e:\vs\mvgsoft\mvgsoft\x64\release\sfmglobalengine.obj
e:\vs\mvgsoft\mvgsoft\x64\release\sfmincrementalengine.obj
e:\vs\mvgsoft\mvgsoft\x64\release\texturemesh.obj
e:\vs\mvgsoft\mvgsoft\generatedfiles\release\moc_mvgsoft.cpp
e:\vs\mvgsoft\mvgsoft\generatedfiles\ui_mvgsoft.h
e:\vs\mvgsoft\mvgsoft\generatedfiles\release\moc_texturemesh.cpp
e:\vs\mvgsoft\mvgsoft\generatedfiles\release\moc_computematch.cpp
e:\vs\mvgsoft\mvgsoft\generatedfiles\release\moc_colorharmonization.cpp
e:\vs\mvgsoft\mvgsoft\generatedfiles\release\moc_incrementalsfm.cpp
e:\vs\mvgsoft\mvgsoft\generatedfiles\release\moc_globalsfm.cpp
e:\vs\mvgsoft\mvgsoft\generatedfiles\release\moc_pmvsthread.cpp
e:\vs\mvgsoft\mvgsoft\generatedfiles\release\moc_libviso.cpp
e:\vs\mvgsoft\mvgsoft\generatedfiles\qrc_mvgsoft.cpp
e:\vs\mvgsoft\mvgsoft\x64\release\mvgsoft.tlog\cl.command.1.tlog
e:\vs\mvgsoft\mvgsoft\x64\release\mvgsoft.tlog\cl.read.1.tlog
e:\vs\mvgsoft\mvgsoft\x64\release\mvgsoft.tlog\cl.write.1.tlog
e:\vs\mvgsoft\mvgsoft\x64\release\mvgsoft.tlog\custombuild.command.1.tlog
e:\vs\mvgsoft\mvgsoft\x64\release\mvgsoft.tlog\custombuild.read.1.tlog
e:\vs\mvgsoft\mvgsoft\x64\release\mvgsoft.tlog\custombuild.write.1.tlog
