e:\vs2012workspace\mvgsoft\mvgsoft\debug\vc120.pdb
e:\vs2012workspace\mvgsoft\mvgsoft\debug\sfmglobalengine.obj
e:\vs2012workspace\mvgsoft\mvgsoft\debug\mvgsoft.obj
e:\vs2012workspace\mvgsoft\mvgsoft\debug\main.obj
e:\vs2012workspace\mvgsoft\mvgsoft\debug\sfmtoolkits.obj
e:\vs2012workspace\mvgsoft\mvgsoft\debug\moc_mvgsoft.obj
e:\vs2012workspace\mvgsoft\mvgsoft\debug\glwidget.obj
e:\vs2012workspace\mvgsoft\mvgsoft\debug\moc_glwidget.obj
e:\vs2012workspace\mvgsoft\mvgsoft\debug\sfmincrementalengine.obj
e:\vs2012workspace\mvgsoft\mvgsoft\debug\graclus.obj
e:\vs2012workspace\mvgsoft\mvgsoft\debug\bundle.obj
e:\vs2012workspace\mvgsoft\mvgsoft\debug\photosets.obj
e:\vs2012workspace\mvgsoft\mvgsoft\debug\photo.obj
e:\vs2012workspace\mvgsoft\mvgsoft\debug\camera.obj
e:\vs2012workspace\mvgsoft\mvgsoft\debug\image.obj
e:\vs2012workspace\mvgsoft\mvgsoft\debug\point.obj
e:\vs2012workspace\mvgsoft\mvgsoft\debug\option.obj
e:\vs2012workspace\mvgsoft\mvgsoft\debug\detector.obj
e:\vs2012workspace\mvgsoft\mvgsoft\debug\patchorganizers.obj
e:\vs2012workspace\mvgsoft\mvgsoft\debug\patch.obj
e:\vs2012workspace\mvgsoft\mvgsoft\debug\optim.obj
e:\vs2012workspace\mvgsoft\mvgsoft\debug\harris.obj
e:\vs2012workspace\mvgsoft\mvgsoft\debug\findmatch.obj
e:\vs2012workspace\mvgsoft\mvgsoft\debug\filter.obj
e:\vs2012workspace\mvgsoft\mvgsoft\debug\expand.obj
e:\vs2012workspace\mvgsoft\mvgsoft\debug\dog.obj
e:\vs2012workspace\mvgsoft\mvgsoft\debug\detectfeatures.obj
e:\vs2012workspace\mvgsoft\mvgsoft\debug\seed.obj
e:\vs2012workspace\mvgsoft\mvgsoft\debug\annwrapper.obj
e:\vs2012workspace\mvgsoft\mvgsoft\debug\qrc_mvgsoft.obj
e:\vs2012workspace\mvgsoft\mvgsoft\debug\texturemesh.obj
e:\vs2012workspace\mvgsoft\mvgsoft\generatedfiles\ui_mvgsoft.h
e:\vs2012workspace\mvgsoft\mvgsoft\generatedfiles\qrc_mvgsoft.cpp
e:\vs2012workspace\mvgsoft\mvgsoft\generatedfiles\debug\moc_mvgsoft.cpp
e:\vs2012workspace\mvgsoft\win32\debug\mvgsoft.ilk
e:\vs2012workspace\mvgsoft\win32\debug\mvgsoft.exe
e:\vs2012workspace\mvgsoft\win32\debug\mvgsoft.pdb
e:\vs2012workspace\mvgsoft\win32\debug\mvgsoft.lib
e:\vs2012workspace\mvgsoft\win32\debug\mvgsoft.exp
e:\vs\mvgsoft\mvgsoft\debug\annwrapper.obj
e:\vs\mvgsoft\mvgsoft\debug\bundle.obj
e:\vs\mvgsoft\mvgsoft\debug\camera.obj
e:\vs\mvgsoft\mvgsoft\debug\detectfeatures.obj
e:\vs\mvgsoft\mvgsoft\debug\detector.obj
e:\vs\mvgsoft\mvgsoft\debug\dog.obj
e:\vs\mvgsoft\mvgsoft\debug\expand.obj
e:\vs\mvgsoft\mvgsoft\debug\filter.obj
e:\vs\mvgsoft\mvgsoft\debug\findmatch.obj
e:\vs\mvgsoft\mvgsoft\debug\glwidget.obj
e:\vs\mvgsoft\mvgsoft\debug\graclus.obj
e:\vs\mvgsoft\mvgsoft\debug\harris.obj
e:\vs\mvgsoft\mvgsoft\debug\image.obj
e:\vs\mvgsoft\mvgsoft\debug\main.obj
e:\vs\mvgsoft\mvgsoft\debug\moc_glwidget.obj
e:\vs\mvgsoft\mvgsoft\debug\moc_mvgsoft.obj
e:\vs\mvgsoft\mvgsoft\debug\mvgsoft.obj
e:\vs\mvgsoft\mvgsoft\debug\optim.obj
e:\vs\mvgsoft\mvgsoft\debug\option.obj
e:\vs\mvgsoft\mvgsoft\debug\patch.obj
e:\vs\mvgsoft\mvgsoft\debug\patchorganizers.obj
e:\vs\mvgsoft\mvgsoft\debug\photo.obj
e:\vs\mvgsoft\mvgsoft\debug\photosets.obj
e:\vs\mvgsoft\mvgsoft\debug\point.obj
e:\vs\mvgsoft\mvgsoft\debug\qrc_mvgsoft.obj
e:\vs\mvgsoft\mvgsoft\debug\seed.obj
e:\vs\mvgsoft\mvgsoft\debug\sfmglobalengine.obj
e:\vs\mvgsoft\mvgsoft\debug\sfmincrementalengine.obj
e:\vs\mvgsoft\mvgsoft\debug\sfmtoolkits.obj
e:\vs\mvgsoft\mvgsoft\debug\texturemesh.obj
e:\vs\mvgsoft\mvgsoft\debug\vc120.pdb
e:\vs\mvgsoft\win32\debug\mvgsoft.pdb
e:\vs\mvgsoft\win32\debug\mvgsoft.exe
e:\vs\mvgsoft\win32\debug\mvgsoft.ilk
e:\vs\mvgsoft\mvgsoft\debug\mvgsoft.tlog\cl.command.1.tlog
e:\vs\mvgsoft\mvgsoft\debug\mvgsoft.tlog\cl.read.1.tlog
e:\vs\mvgsoft\mvgsoft\debug\mvgsoft.tlog\cl.write.1.tlog
e:\vs\mvgsoft\mvgsoft\debug\mvgsoft.tlog\custombuild.command.1.tlog
e:\vs\mvgsoft\mvgsoft\debug\mvgsoft.tlog\custombuild.read.1.tlog
e:\vs\mvgsoft\mvgsoft\debug\mvgsoft.tlog\custombuild.write.1.tlog
e:\vs\mvgsoft\mvgsoft\debug\mvgsoft.tlog\link.command.1.tlog
e:\vs\mvgsoft\mvgsoft\debug\mvgsoft.tlog\link.read.1.tlog
e:\vs\mvgsoft\mvgsoft\debug\mvgsoft.tlog\link.write.1.tlog
e:\vs\mvgsoft\mvgsoft\debug\mvgsoft.tlog\mvgsoft.write.1u.tlog
