e:\vs\mvgsoft\mvgsoft\x64\debug\patch.obj
e:\vs\mvgsoft\mvgsoft\x64\debug\option.obj
e:\vs\mvgsoft\mvgsoft\x64\debug\optim.obj
e:\vs\mvgsoft\mvgsoft\x64\debug\harris.obj
e:\vs\mvgsoft\mvgsoft\x64\debug\findmatch.obj
e:\vs\mvgsoft\mvgsoft\x64\debug\filter.obj
e:\vs\mvgsoft\mvgsoft\x64\debug\expand.obj
e:\vs\mvgsoft\mvgsoft\x64\debug\dog.obj
e:\vs\mvgsoft\mvgsoft\x64\debug\detector.obj
e:\vs\mvgsoft\mvgsoft\x64\debug\detectfeatures.obj
e:\vs\mvgsoft\mvgsoft\x64\debug\mvgsoft.obj
e:\vs\mvgsoft\mvgsoft\x64\debug\main.obj
e:\vs\mvgsoft\mvgsoft\x64\debug\moc_mvgsoft.obj
e:\vs\mvgsoft\mvgsoft\x64\debug\photosets.obj
e:\vs\mvgsoft\mvgsoft\x64\debug\photo.obj
e:\vs\mvgsoft\mvgsoft\x64\debug\image.obj
e:\vs\mvgsoft\mvgsoft\x64\debug\camera.obj
e:\vs\mvgsoft\mvgsoft\x64\debug\graclus.obj
e:\vs\mvgsoft\mvgsoft\x64\debug\bundle.obj
e:\vs\mvgsoft\mvgsoft\x64\debug\annwrapper.obj
e:\vs\mvgsoft\mvgsoft\x64\debug\texturemesh.obj
e:\vs\mvgsoft\mvgsoft\x64\debug\sfmincrementalengine.obj
e:\vs\mvgsoft\mvgsoft\x64\debug\sfmglobalengine.obj
e:\vs\mvgsoft\mvgsoft\x64\debug\sfmtoolkits.obj
e:\vs\mvgsoft\mvgsoft\x64\debug\seed.obj
e:\vs\mvgsoft\mvgsoft\x64\debug\point.obj
e:\vs\mvgsoft\mvgsoft\x64\debug\patchorganizers.obj
e:\vs\mvgsoft\mvgsoft\x64\debug\vc120.pdb
e:\vs\mvgsoft\mvgsoft\x64\debug\qrc_mvgsoft.obj
e:\vs\mvgsoft\mvgsoft\generatedfiles\ui_mvgsoft.h
e:\vs\mvgsoft\mvgsoft\generatedfiles\qrc_mvgsoft.cpp
e:\vs\mvgsoft\mvgsoft\generatedfiles\debug\moc_mvgsoft.cpp
e:\vs\mvgsoft\mvgsoft\x64\debug\mvgsoft.tlog\cl.command.1.tlog
e:\vs\mvgsoft\mvgsoft\x64\debug\mvgsoft.tlog\cl.read.1.tlog
e:\vs\mvgsoft\mvgsoft\x64\debug\mvgsoft.tlog\cl.write.1.tlog
e:\vs\mvgsoft\mvgsoft\x64\debug\mvgsoft.tlog\custombuild.command.1.tlog
e:\vs\mvgsoft\mvgsoft\x64\debug\mvgsoft.tlog\custombuild.read.1.tlog
e:\vs\mvgsoft\mvgsoft\x64\debug\mvgsoft.tlog\custombuild.write.1.tlog
e:\vs\mvgsoft\mvgsoft\x64\debug\mvgsoft.tlog\link.command.1.tlog
e:\vs\mvgsoft\mvgsoft\x64\debug\mvgsoft.tlog\link.read.1.tlog
e:\vs\mvgsoft\mvgsoft\x64\debug\mvgsoft.tlog\link.write.1.tlog
