e:\vs2012workspace\mvgsoft\mvgsoft\release\sfmincrementalengine.obj
e:\vs2012workspace\mvgsoft\mvgsoft\release\sfmtoolkits.obj
e:\vs2012workspace\mvgsoft\mvgsoft\release\mvgsoft.obj
e:\vs2012workspace\mvgsoft\mvgsoft\release\main.obj
e:\vs2012workspace\mvgsoft\mvgsoft\release\moc_mvgsoft.obj
e:\vs2012workspace\mvgsoft\mvgsoft\release\qrc_mvgsoft.obj
e:\vs2012workspace\mvgsoft\mvgsoft\generatedfiles\release\moc_mvgsoft.cpp
e:\vs2012workspace\mvgsoft\mvgsoft\generatedfiles\ui_mvgsoft.h
e:\vs2012workspace\mvgsoft\mvgsoft\generatedfiles\qrc_mvgsoft.cpp
e:\vs2012workspace\mvgsoft\win32\release\mvgsoft.exe
e:\vs2012workspace\mvgsoft\win32\release\mvgsoft.lib
e:\vs2012workspace\mvgsoft\win32\release\mvgsoft.exp
e:\vs2012workspace\mvgsoft\mvgsoft\release\mvgsoft.tlog\cl.command.1.tlog
e:\vs2012workspace\mvgsoft\mvgsoft\release\mvgsoft.tlog\cl.read.1.tlog
e:\vs2012workspace\mvgsoft\mvgsoft\release\mvgsoft.tlog\cl.write.1.tlog
e:\vs2012workspace\mvgsoft\mvgsoft\release\mvgsoft.tlog\custombuild.command.1.tlog
e:\vs2012workspace\mvgsoft\mvgsoft\release\mvgsoft.tlog\custombuild.read.1.tlog
e:\vs2012workspace\mvgsoft\mvgsoft\release\mvgsoft.tlog\custombuild.write.1.tlog
e:\vs2012workspace\mvgsoft\mvgsoft\release\mvgsoft.tlog\link.command.1.tlog
e:\vs2012workspace\mvgsoft\mvgsoft\release\mvgsoft.tlog\link.read.1.tlog
e:\vs2012workspace\mvgsoft\mvgsoft\release\mvgsoft.tlog\link.write.1.tlog
e:\vs2012workspace\mvgsoft\mvgsoft\release\mvgsoft.tlog\mvgsoft.write.1u.tlog
